<?xml version="1.0" encoding="UTF-8"?>
<!-- Generated by org.testng.reporters.JUnitXMLReporter -->
<testsuite hostname="Sajitha-PC" ignored="0" name="Surefire test" tests="3" failures="2" timestamp="12 May 2017 18:32:00 GMT" time="269.697" errors="0">
  <testcase name="Open" time="0.151" classname="testCases.LoginTest">
    <failure type="java.lang.NullPointerException">
      <![CDATA[java.lang.NullPointerException
	at org.openqa.selenium.support.pagefactory.DefaultElementLocator.findElement(DefaultElementLocator.java:69)
	at org.openqa.selenium.support.pagefactory.internal.LocatingElementHandler.invoke(LocatingElementHandler.java:38)
	at com.sun.proxy.$Proxy8.sendKeys(Unknown Source)
	at com.threeothree.test.features.pages.LoginPage.login(LoginPage.java:40)
	at testCases.LoginTest.Open(LoginTest.java:20)
... Removed 29 stack frames]]>
    </failure>
  </testcase> <!-- Open -->
  <testcase name="runTests" time="119.803" classname="com.threeothree.test.runner.TestRunnerTest"/>
  <testcase name="runTests" time="148.356" classname="com.threeothree.test.runner.TestRunnerTest">
    <failure type="cucumber.runtime.CucumberException" message="org.openqa.selenium.NoSuchElementException: Cannot locate option with index: 51
For documentation on this error, please visit: http://seleniumhq.org/exceptions/no_such_element.html
Build info: version: &amp;apos;2.53.1&amp;apos;, revision: &amp;apos;a36b8b1cd5757287168e54b817830adce9b0158d&amp;apos;, time: &amp;apos;2016-06-30 19:26:09&amp;apos;
System info: host: &amp;apos;Sajitha-PC&amp;apos;, ip: &amp;apos;169.254.58.61&amp;apos;, os.name: &amp;apos;Windows 7&amp;apos;, os.arch: &amp;apos;amd64&amp;apos;, os.version: &amp;apos;6.1&amp;apos;, java.version: &amp;apos;1.8.0_91&amp;apos;
Driver info: driver.version: unknown">
      <![CDATA[cucumber.runtime.CucumberException: org.openqa.selenium.NoSuchElementException: Cannot locate option with index: 51
For documentation on this error, please visit: http://seleniumhq.org/exceptions/no_such_element.html
Build info: version: '2.53.1', revision: 'a36b8b1cd5757287168e54b817830adce9b0158d', time: '2016-06-30 19:26:09'
System info: host: 'Sajitha-PC', ip: '169.254.58.61', os.name: 'Windows 7', os.arch: 'amd64', os.version: '6.1', java.version: '1.8.0_91'
Driver info: driver.version: unknown
	at cucumber.api.testng.TestNGCucumberRunner.runCucumber(TestNGCucumberRunner.java:69)
	at com.threeothree.test.runner.TestRunnerTest.runTests(TestRunnerTest.java:51)
Caused by: org.openqa.selenium.NoSuchElementException: Cannot locate option with index: 51
For documentation on this error, please visit: http://seleniumhq.org/exceptions/no_such_element.html
Build info: version: '2.53.1', revision: 'a36b8b1cd5757287168e54b817830adce9b0158d', time: '2016-06-30 19:26:09'
System info: host: 'Sajitha-PC', ip: '169.254.58.61', os.name: 'Windows 7', os.arch: 'amd64', os.version: '6.1', java.version: '1.8.0_91'
Driver info: driver.version: unknown
	at org.openqa.selenium.support.ui.Select.selectByIndex(Select.java:182)
	at com.threeothree.test.features.pages.RequestAccessPage.supp_state(RequestAccessPage.java:130)
	at com.threeothree.test.steps.RequstAccessPageSteps.selectTheState(RequstAccessPageSteps.java:53)
	at âœ½.And Select the state(RequestAccessPage.feature:29)
... Removed 29 stack frames]]>
    </failure>
  </testcase> <!-- runTests -->
</testsuite> <!-- Surefire test -->
