<!DOCTYPE html PUBLIC "-//W3C//DTD XHTML 1.1//EN" "http://www.w3.org/TR/xhtml11/DTD/xhtml11.dtd">
<html xmlns="http://www.w3.org/1999/xhtml"><head><title>TestNG Report</title><style type="text/css">table {margin-bottom:10px;border-collapse:collapse;empty-cells:show}th,td {border:1px solid #009;padding:.25em .5em}th {vertical-align:bottom}td {vertical-align:top}table a {font-weight:bold}.stripe td {background-color: #E6EBF9}.num {text-align:right}.passedodd td {background-color: #3F3}.passedeven td {background-color: #0A0}.skippedodd td {background-color: #DDD}.skippedeven td {background-color: #CCC}.failedodd td,.attn {background-color: #F33}.failedeven td,.stripe .attn {background-color: #D00}.stacktrace {white-space:pre;font-family:monospace}.totop {font-size:85%;text-align:center;border-bottom:2px solid #000}</style></head><body><table><tr><th>Test</th><th># Passed</th><th># Skipped</th><th># Failed</th><th>Time (ms)</th><th>Included Groups</th><th>Excluded Groups</th></tr><tr><th colspan="7">Surefire suite</th></tr><tr><td><a href="#t0">Surefire test</a></td><td class="num">1</td><td class="num">0</td><td class="num attn">2</td><td class="num">269,697</td><td></td><td></td></tr></table><table id='summary'><thead><tr><th>Class</th><th>Method</th><th>Start</th><th>Time (ms)</th></tr></thead><tbody><tr><th colspan="4">Surefire suite</th></tr></tbody><tbody id="t0"><tr><th colspan="4">Surefire test &#8212; failed</th></tr><tr class="failedeven"><td rowspan="1">com.threeothree.test.runner.TestRunnerTest</td><td><a href="#m0">runTests</a></td><td rowspan="1">1494613771856</td><td rowspan="1">148356</td></tr><tr class="failedodd"><td rowspan="1">testCases.LoginTest</td><td><a href="#m1">Open</a></td><td rowspan="1">1494613650810</td><td rowspan="1">151</td></tr><tr><th colspan="4">Surefire test &#8212; passed</th></tr><tr class="passedeven"><td rowspan="1">com.threeothree.test.runner.TestRunnerTest</td><td><a href="#m2">runTests</a></td><td rowspan="1">1494613652052</td><td rowspan="1">119803</td></tr></tbody></table><h2>Surefire test</h2><h3 id="m0">com.threeothree.test.runner.TestRunnerTest#runTests</h3><table class="result"><tr class="param"><th>Parameter #1</th></tr><tr class="param stripe"><td>An user must be able to register as a Nabca User</td></tr><tr><th>Exception</th></tr><tr><td><div class="stacktrace">cucumber.runtime.CucumberException: org.openqa.selenium.NoSuchElementException: Cannot locate option with index: 51
For documentation on this error, please visit: http://seleniumhq.org/exceptions/no_such_element.html
Build info: version: &apos;2.53.1&apos;, revision: &apos;a36b8b1cd5757287168e54b817830adce9b0158d&apos;, time: &apos;2016-06-30 19:26:09&apos;
System info: host: &apos;Sajitha-PC&apos;, ip: &apos;169.254.58.61&apos;, os.name: &apos;Windows 7&apos;, os.arch: &apos;amd64&apos;, os.version: &apos;6.1&apos;, java.version: &apos;1.8.0_91&apos;
Driver info: driver.version: unknown
	at cucumber.api.testng.TestNGCucumberRunner.runCucumber(TestNGCucumberRunner.java:69)
	at com.threeothree.test.runner.TestRunnerTest.runTests(TestRunnerTest.java:51)
Caused by: org.openqa.selenium.NoSuchElementException: Cannot locate option with index: 51
For documentation on this error, please visit: http://seleniumhq.org/exceptions/no_such_element.html
Build info: version: &apos;2.53.1&apos;, revision: &apos;a36b8b1cd5757287168e54b817830adce9b0158d&apos;, time: &apos;2016-06-30 19:26:09&apos;
System info: host: &apos;Sajitha-PC&apos;, ip: &apos;169.254.58.61&apos;, os.name: &apos;Windows 7&apos;, os.arch: &apos;amd64&apos;, os.version: &apos;6.1&apos;, java.version: &apos;1.8.0_91&apos;
Driver info: driver.version: unknown
	at org.openqa.selenium.support.ui.Select.selectByIndex(Select.java:182)
	at com.threeothree.test.features.pages.RequestAccessPage.supp_state(RequestAccessPage.java:130)
	at com.threeothree.test.steps.RequstAccessPageSteps.selectTheState(RequstAccessPageSteps.java:53)
	at ?.And Select the state(RequestAccessPage.feature:29)
... Removed 29 stack frames</div></td></tr></table><p class="totop"><a href="#summary">back to summary</a></p><h3 id="m1">testCases.LoginTest#Open</h3><table class="result"><tr><th>Exception</th></tr><tr><td><div class="stacktrace">java.lang.NullPointerException
	at org.openqa.selenium.support.pagefactory.DefaultElementLocator.findElement(DefaultElementLocator.java:69)
	at org.openqa.selenium.support.pagefactory.internal.LocatingElementHandler.invoke(LocatingElementHandler.java:38)
	at com.sun.proxy.$Proxy8.sendKeys(Unknown Source)
	at com.threeothree.test.features.pages.LoginPage.login(LoginPage.java:40)
	at testCases.LoginTest.Open(LoginTest.java:20)
... Removed 29 stack frames</div></td></tr></table><p class="totop"><a href="#summary">back to summary</a></p><h3 id="m2">com.threeothree.test.runner.TestRunnerTest#runTests</h3><table class="result"><tr class="param"><th>Parameter #1</th></tr><tr class="param stripe"><td>Login Feature</td></tr></table><p class="totop"><a href="#summary">back to summary</a></p></body></html>